Determining if the pthread_create exist failed with the following output:
Change Dir: /home/zach/Desktop/cis422/cmake-build-debug/CMakeFiles/CMakeTmp

Run Build Command:"/usr/bin/make" "cmTC_87b35/fast"
/usr/bin/make -f CMakeFiles/cmTC_87b35.dir/build.make CMakeFiles/cmTC_87b35.dir/build
make[1]: Entering directory '/home/zach/Desktop/cis422/cmake-build-debug/CMakeFiles/CMakeTmp'
Building C object CMakeFiles/cmTC_87b35.dir/CheckSymbolExists.c.o
/usr/bin/cc    -o CMakeFiles/cmTC_87b35.dir/CheckSymbolExists.c.o   -c /home/zach/Desktop/cis422/cmake-build-debug/CMakeFiles/CMakeTmp/CheckSymbolExists.c
Linking C executable cmTC_87b35
/opt/JetBrains/apps/CLion/ch-0/183.5429.37/bin/cmake/linux/bin/cmake -E cmake_link_script CMakeFiles/cmTC_87b35.dir/link.txt --verbose=1
/usr/bin/cc      -rdynamic CMakeFiles/cmTC_87b35.dir/CheckSymbolExists.c.o  -o cmTC_87b35 
/usr/bin/ld: CMakeFiles/cmTC_87b35.dir/CheckSymbolExists.c.o: in function `main':
CheckSymbolExists.c:(.text+0x1b): undefined reference to `pthread_create'
collect2: error: ld returned 1 exit status
make[1]: *** [CMakeFiles/cmTC_87b35.dir/build.make:87: cmTC_87b35] Error 1
make[1]: Leaving directory '/home/zach/Desktop/cis422/cmake-build-debug/CMakeFiles/CMakeTmp'
make: *** [Makefile:121: cmTC_87b35/fast] Error 2

File /home/zach/Desktop/cis422/cmake-build-debug/CMakeFiles/CMakeTmp/CheckSymbolExists.c:
/* */
#include <pthread.h>

int main(int argc, char** argv)
{
  (void)argv;
#ifndef pthread_create
  return ((int*)(&pthread_create))[argc];
#else
  (void)argc;
  return 0;
#endif
}

Determining if the function pthread_create exists in the pthreads failed with the following output:
Change Dir: /home/zach/Desktop/cis422/cmake-build-debug/CMakeFiles/CMakeTmp

Run Build Command:"/usr/bin/make" "cmTC_77d74/fast"
/usr/bin/make -f CMakeFiles/cmTC_77d74.dir/build.make CMakeFiles/cmTC_77d74.dir/build
make[1]: Entering directory '/home/zach/Desktop/cis422/cmake-build-debug/CMakeFiles/CMakeTmp'
Building C object CMakeFiles/cmTC_77d74.dir/CheckFunctionExists.c.o
/usr/bin/cc   -DCHECK_FUNCTION_EXISTS=pthread_create   -o CMakeFiles/cmTC_77d74.dir/CheckFunctionExists.c.o   -c /opt/JetBrains/apps/CLion/ch-0/183.5429.37/bin/cmake/linux/share/cmake-3.13/Modules/CheckFunctionExists.c
Linking C executable cmTC_77d74
/opt/JetBrains/apps/CLion/ch-0/183.5429.37/bin/cmake/linux/bin/cmake -E cmake_link_script CMakeFiles/cmTC_77d74.dir/link.txt --verbose=1
/usr/bin/cc  -DCHECK_FUNCTION_EXISTS=pthread_create    -rdynamic CMakeFiles/cmTC_77d74.dir/CheckFunctionExists.c.o  -o cmTC_77d74 -lpthreads 
/usr/bin/ld: cannot find -lpthreads
collect2: error: ld returned 1 exit status
make[1]: *** [CMakeFiles/cmTC_77d74.dir/build.make:87: cmTC_77d74] Error 1
make[1]: Leaving directory '/home/zach/Desktop/cis422/cmake-build-debug/CMakeFiles/CMakeTmp'
make: *** [Makefile:121: cmTC_77d74/fast] Error 2


